#-----------------------------------------------------------
# Vivado v2019.1 (64-bit)
# SW Build 2552052 on Fri May 24 14:49:42 MDT 2019
# IP Build 2548770 on Fri May 24 18:01:18 MDT 2019
# Start of session at: Mon Jun 28 14:52:15 2021
# Process ID: 3748
# Current directory: D:/code/PCC/lab_4/project_1
# Command line: vivado.exe -gui_launcher_event rodinguilauncherevent18292 D:\code\PCC\lab_4\project_1\project_1.xpr
# Log file: D:/code/PCC/lab_4/project_1/vivado.log
# Journal file: D:/code/PCC/lab_4/project_1\vivado.jou
#-----------------------------------------------------------
start_gui
open_project D:/code/PCC/lab_4/project_1/project_1.xpr
Scanning sources...
Finished scanning sources
INFO: [IP_Flow 19-234] Refreshing IP repositories
INFO: [IP_Flow 19-1704] No user IP repositories specified
INFO: [IP_Flow 19-2313] Loaded Vivado IP repository 'D:/codingsoft/vivado/Vivado/2019.1/data/ip'.
open_project: Time (s): cpu = 00:00:21 ; elapsed = 00:00:08 . Memory (MB): peak = 688.664 ; gain = 67.914
update_compile_order -fileset sources_1
exit
INFO: [Common 17-206] Exiting Vivado at Mon Jun 28 14:59:22 2021...
